[2024-11-10 09:14:40] local.ERROR: Cannot redeclare App\Models\Order::store() {"exception":"[object] (Symfony\\Component\\ErrorHandler\\Error\\FatalError(code: 0): Cannot redeclare App\\Models\\Order::store() at C:\\xampp\\htdocs\\Reatail-And-Whole\\app\\Models\\Order.php:23)
[stacktrace]
#0 {main}
"} 
[2024-11-10 09:21:55] local.ERROR: Cannot redeclare App\Models\OrderItem::status() {"exception":"[object] (Symfony\\Component\\ErrorHandler\\Error\\FatalError(code: 0): Cannot redeclare App\\Models\\OrderItem::status() at C:\\xampp\\htdocs\\Reatail-And-Whole\\app\\Models\\OrderItem.php:24)
[stacktrace]
#0 {main}
"} 
[2024-11-10 09:22:23] local.ERROR: Cannot redeclare App\Models\OrderItem::status() {"exception":"[object] (Symfony\\Component\\ErrorHandler\\Error\\FatalError(code: 0): Cannot redeclare App\\Models\\OrderItem::status() at C:\\xampp\\htdocs\\Reatail-And-Whole\\app\\Models\\OrderItem.php:28)
[stacktrace]
#0 {main}
"} 
[2024-11-10 09:22:47] local.ERROR: Cannot redeclare App\Models\OrderItem::product() {"exception":"[object] (Symfony\\Component\\ErrorHandler\\Error\\FatalError(code: 0): Cannot redeclare App\\Models\\OrderItem::product() at C:\\xampp\\htdocs\\Reatail-And-Whole\\app\\Models\\OrderItem.php:33)
[stacktrace]
#0 {main}
"} 
[2024-11-10 09:23:19] local.ERROR: Cannot redeclare App\Models\Product::store() {"exception":"[object] (Symfony\\Component\\ErrorHandler\\Error\\FatalError(code: 0): Cannot redeclare App\\Models\\Product::store() at C:\\xampp\\htdocs\\Reatail-And-Whole\\app\\Models\\Product.php:24)
[stacktrace]
#0 {main}
"} 
[2024-11-10 09:30:47] local.ERROR: Cannot redeclare App\Models\OrderContribution::orderItem() {"exception":"[object] (Symfony\\Component\\ErrorHandler\\Error\\FatalError(code: 0): Cannot redeclare App\\Models\\OrderContribution::orderItem() at C:\\xampp\\htdocs\\Reatail-And-Whole\\app\\Models\\OrderContribution.php:27)
[stacktrace]
#0 {main}
"} 
[2024-11-10 09:30:52] local.ERROR: Cannot redeclare App\Models\OrderContribution::orderItem() {"exception":"[object] (Symfony\\Component\\ErrorHandler\\Error\\FatalError(code: 0): Cannot redeclare App\\Models\\OrderContribution::orderItem() at C:\\xampp\\htdocs\\Reatail-And-Whole\\app\\Models\\OrderContribution.php:27)
[stacktrace]
#0 {main}
"} 
[2024-11-10 09:31:17] local.ERROR: Cannot redeclare App\Models\User::order() {"exception":"[object] (Symfony\\Component\\ErrorHandler\\Error\\FatalError(code: 0): Cannot redeclare App\\Models\\User::order() at C:\\xampp\\htdocs\\Reatail-And-Whole\\app\\Models\\User.php:44)
[stacktrace]
#0 {main}
"} 
[2024-11-10 10:48:42] local.ERROR: syntax error, unexpected token "=>", expecting ";" {"exception":"[object] (ParseError(code: 0): syntax error, unexpected token \"=>\", expecting \";\" at C:\\Users\\Orange\\Desktop\\Reatail-And-Whole\\routes\\web.php:20)
[stacktrace]
#0 C:\\Users\\Orange\\Desktop\\Reatail-And-Whole\\vendor\\laravel\\framework\\src\\Illuminate\\Routing\\Router.php(511): Illuminate\\Routing\\RouteFileRegistrar->register('C:\\\\Users\\\\Orange...')
#1 C:\\Users\\Orange\\Desktop\\Reatail-And-Whole\\vendor\\laravel\\framework\\src\\Illuminate\\Routing\\Router.php(465): Illuminate\\Routing\\Router->loadRoutes('C:\\\\Users\\\\Orange...')
#2 C:\\Users\\Orange\\Desktop\\Reatail-And-Whole\\vendor\\laravel\\framework\\src\\Illuminate\\Routing\\RouteRegistrar.php(194): Illuminate\\Routing\\Router->group(Array, 'C:\\\\Users\\\\Orange...')
#3 C:\\Users\\Orange\\Desktop\\Reatail-And-Whole\\app\\Providers\\RouteServiceProvider.php(35): Illuminate\\Routing\\RouteRegistrar->group('C:\\\\Users\\\\Orange...')
#4 C:\\Users\\Orange\\Desktop\\Reatail-And-Whole\\vendor\\laravel\\framework\\src\\Illuminate\\Container\\BoundMethod.php(36): App\\Providers\\RouteServiceProvider->App\\Providers\\{closure}()
#5 C:\\Users\\Orange\\Desktop\\Reatail-And-Whole\\vendor\\laravel\\framework\\src\\Illuminate\\Container\\Util.php(41): Illuminate\\Container\\BoundMethod::Illuminate\\Container\\{closure}()
#6 C:\\Users\\Orange\\Desktop\\Reatail-And-Whole\\vendor\\laravel\\framework\\src\\Illuminate\\Container\\BoundMethod.php(81): Illuminate\\Container\\Util::unwrapIfClosure(Object(Closure))
#7 C:\\Users\\Orange\\Desktop\\Reatail-And-Whole\\vendor\\laravel\\framework\\src\\Illuminate\\Container\\BoundMethod.php(35): Illuminate\\Container\\BoundMethod::callBoundMethod(Object(Illuminate\\Foundation\\Application), Object(Closure), Object(Closure))
#8 C:\\Users\\Orange\\Desktop\\Reatail-And-Whole\\vendor\\laravel\\framework\\src\\Illuminate\\Container\\Container.php(662): Illuminate\\Container\\BoundMethod::call(Object(Illuminate\\Foundation\\Application), Object(Closure), Array, NULL)
#9 C:\\Users\\Orange\\Desktop\\Reatail-And-Whole\\vendor\\laravel\\framework\\src\\Illuminate\\Foundation\\Support\\Providers\\RouteServiceProvider.php(120): Illuminate\\Container\\Container->call(Object(Closure))
#10 C:\\Users\\Orange\\Desktop\\Reatail-And-Whole\\vendor\\laravel\\framework\\src\\Illuminate\\Foundation\\Support\\Providers\\RouteServiceProvider.php(45): Illuminate\\Foundation\\Support\\Providers\\RouteServiceProvider->loadRoutes()
#11 C:\\Users\\Orange\\Desktop\\Reatail-And-Whole\\vendor\\laravel\\framework\\src\\Illuminate\\Container\\BoundMethod.php(36): Illuminate\\Foundation\\Support\\Providers\\RouteServiceProvider->Illuminate\\Foundation\\Support\\Providers\\{closure}()
#12 C:\\Users\\Orange\\Desktop\\Reatail-And-Whole\\vendor\\laravel\\framework\\src\\Illuminate\\Container\\Util.php(41): Illuminate\\Container\\BoundMethod::Illuminate\\Container\\{closure}()
#13 C:\\Users\\Orange\\Desktop\\Reatail-And-Whole\\vendor\\laravel\\framework\\src\\Illuminate\\Container\\BoundMethod.php(81): Illuminate\\Container\\Util::unwrapIfClosure(Object(Closure))
#14 C:\\Users\\Orange\\Desktop\\Reatail-And-Whole\\vendor\\laravel\\framework\\src\\Illuminate\\Container\\BoundMethod.php(35): Illuminate\\Container\\BoundMethod::callBoundMethod(Object(Illuminate\\Foundation\\Application), Object(Closure), Object(Closure))
#15 C:\\Users\\Orange\\Desktop\\Reatail-And-Whole\\vendor\\laravel\\framework\\src\\Illuminate\\Container\\Container.php(662): Illuminate\\Container\\BoundMethod::call(Object(Illuminate\\Foundation\\Application), Object(Closure), Array, NULL)
#16 C:\\Users\\Orange\\Desktop\\Reatail-And-Whole\\vendor\\laravel\\framework\\src\\Illuminate\\Support\\ServiceProvider.php(119): Illuminate\\Container\\Container->call(Object(Closure))
#17 C:\\Users\\Orange\\Desktop\\Reatail-And-Whole\\vendor\\laravel\\framework\\src\\Illuminate\\Foundation\\Application.php(1037): Illuminate\\Support\\ServiceProvider->callBootedCallbacks()
#18 C:\\Users\\Orange\\Desktop\\Reatail-And-Whole\\vendor\\laravel\\framework\\src\\Illuminate\\Foundation\\Application.php(1015): Illuminate\\Foundation\\Application->bootProvider(Object(App\\Providers\\RouteServiceProvider))
#19 [internal function]: Illuminate\\Foundation\\Application->Illuminate\\Foundation\\{closure}(Object(App\\Providers\\RouteServiceProvider), 24)
#20 C:\\Users\\Orange\\Desktop\\Reatail-And-Whole\\vendor\\laravel\\framework\\src\\Illuminate\\Foundation\\Application.php(1014): array_walk(Array, Object(Closure))
#21 C:\\Users\\Orange\\Desktop\\Reatail-And-Whole\\vendor\\laravel\\framework\\src\\Illuminate\\Foundation\\Bootstrap\\BootProviders.php(17): Illuminate\\Foundation\\Application->boot()
#22 C:\\Users\\Orange\\Desktop\\Reatail-And-Whole\\vendor\\laravel\\framework\\src\\Illuminate\\Foundation\\Application.php(263): Illuminate\\Foundation\\Bootstrap\\BootProviders->bootstrap(Object(Illuminate\\Foundation\\Application))
#23 C:\\Users\\Orange\\Desktop\\Reatail-And-Whole\\vendor\\laravel\\framework\\src\\Illuminate\\Foundation\\Console\\Kernel.php(447): Illuminate\\Foundation\\Application->bootstrapWith(Array)
#24 C:\\Users\\Orange\\Desktop\\Reatail-And-Whole\\vendor\\laravel\\framework\\src\\Illuminate\\Foundation\\Console\\Kernel.php(199): Illuminate\\Foundation\\Console\\Kernel->bootstrap()
#25 Command line code(1): Illuminate\\Foundation\\Console\\Kernel->handle(Object(Symfony\\Component\\Console\\Input\\ArgvInput), Object(Symfony\\Component\\Console\\Output\\ConsoleOutput))
#26 {main}
"} 
